BA010001 ==> Found
BA010002 ==> Found
BA010003 ==> Found
BA010004 ==> Found
BA010005 ==> Found
BA010006 ==> Found
BA010007 ==> Found
BA010008 ==> Found
BA010009 ==> Found
BA010010 ==> Found
BA010011 ==> Found
BA010012 ==> Found
BA010013 ==> Found
BA010014 ==> Found
BA010015 ==> Found
BA010016 ==> Found
BA010017 ==> Found
BA010018 ==> Found
BA010019 ==> Found
BA010020 ==> Found
BA010021 ==> Found
BA010022 ==> Found
BA010023 ==> Found
BA010024 ==> Found
BA010025 ==> Found
BA010026 ==> Found
BA010027 ==> Found
BA010028 ==> Found
BA010029 ==> Found
BA010030 ==> Found
BA010031 ==> Found
BA010032 ==> Found
BA010033 ==> Found
BA010034 ==> Found
BA010035 ==> Found
BA010036 ==> Found
BA010037 ==> Found
BA010038 ==> Found
BA010039 ==> Found
BA010040 ==> Found
BA010041 ==> Found
BA010042 ==> Found
BA010043 ==> Found
BA010044 ==> Found
BA010045 ==> Found
BA010046 ==> Found
BA010047 ==> Found
BA010048 ==> Found
BA010049 ==> Found
BA010050 ==> Found
BA010051 ==> Found
BA010052 ==> Found
BA010053 ==> Found
BA010054 ==> Found
BA010055 ==> Found
BA010056 ==> Found
BA010057 ==> Found
BA010058 ==> Found
BA010059 ==> Found
BA010060 ==> Found
BA010061 ==> Found
BA010062 ==> Found
BA010063 ==> Found
BA010064 ==> Found
BA010065 ==> Found
BA010066 ==> Found
BA010067 ==> Found
BA010068 ==> Found
BA010069 ==> Found
BA010070 ==> Found
BA010071 ==> Found
BA010072 ==> Found
BA010073 ==> Found
BA010074 ==> Found
BA010075 ==> Found
BA010076 ==> Found
BA010077 ==> Found
BA010078 ==> Found
BA010079 ==> Found
BA010080 ==> Found
BA010081 ==> Found
BA010082 ==> Found
BA010083 ==> Found
BA010084 ==> Found
BA010085 ==> Found
BA010086 ==> Found
BA010087 ==> Found
BA010088 ==> Found
BA010089 ==> Found
BA010090 ==> Found
BA010091 ==> Found
BA010092 ==> Found
BA010093 ==> Found
BA010094 ==> Found
BA010095 ==> Found
BA010096 ==> Found
BA010097 ==> Found
BA010098 ==> Found
BA010099 ==> Found
BA010100 ==> Found
BA010101 ==> Found
BA010102 ==> Found
BA010103 ==> Found
BA010104 ==> Found
BA010105 ==> Found
BA010106 ==> Found
BA010107 ==> Found
BA010108 ==> Found
BA010109 ==> Found
BA010110 ==> Found
BA010111 ==> Found
BA010112 ==> Found
BA010113 ==> Found
BA010114 ==> Found
BA010115 ==> Found
BA010116 ==> Found
BA010117 ==> Found
BA010118 ==> Found
BA010119 ==> Found
BA010120 ==> Found
BA010121 ==> Found
BA010122 ==> Found
BA010123 ==> Found
BA010124 ==> Found
BA010125 ==> Found
BA010126 ==> Found
BA010127 ==> Found
BA010128 ==> Found
BA010129 ==> Found
BA010130 ==> Found
BA010131 ==> Found
BA010132 ==> Found
BA010133 ==> Found
BA010134 ==> Found
BA010135 ==> Found
BA010136 ==> Found
BA010137 ==> Found
BA010138 ==> Found
BA010139 ==> Found
BA010140 ==> Found
BA010141 ==> Found
BA010142 ==> Found
BA010143 ==> Found
BA010144 ==> Found
BA010145 ==> Found
BA010146 ==> Found
BA010147 ==> Found
BA010148 ==> Found
BA010149 ==> Found
BA010150 ==> Found
BA010151 ==> Found
BA010152 ==> Found
BA010153 ==> Found
BA010154 ==> Found
BA010155 ==> Found
BA010156 ==> Found
BA010157 ==> Found
BA010158 ==> Found
BA010159 ==> Found
BA010160 ==> Found
BA010161 ==> Found
BA010162 ==> Found
BA010163 ==> Found
BA010164 ==> Found
BA010165 ==> Found
BA010166 ==> Found
BA010167 ==> Found
BA010168 ==> Found
BA010169 ==> Found
BA010170 ==> Found
BA010171 ==> Found
BA010172 ==> Found
BA010173 ==> Found
BA010174 ==> Found
BA010175 ==> Found
BA010176 ==> Found
BA010177 ==> Found
BA010178 ==> Found
BA010179 ==> Found
BA010180 ==> Found
BA010181 ==> Found
BA010182 ==> Found
BA010183 ==> Found
BA010184 ==> Found
BA010185 ==> Found
BA010186 ==> Found
BA010187 ==> Found
BA010188 ==> Found
BA010189 ==> Found
BA010190 ==> Found
BA010191 ==> Found
BA010192 ==> Found
BA010193 ==> Found
BA010194 ==> Found
BA010195 ==> Found
BA010196 ==> Found
BA010197 ==> Found
BA010198 ==> Found
BA010199 ==> Found
BA010200 ==> Found
BA010201 ==> Found
BA010202 ==> Found
BA010203 ==> Found
BA010204 ==> Found
BA010205 ==> Found
BA010206 ==> Found
BA010207 ==> Found
BA010208 ==> Found
BA010209 ==> Found
BA010210 ==> Found
BA010211 ==> Found
BA010212 ==> Found
BA010213 ==> Found
BA010214 ==> Found
BA010215 ==> Found
BA010216 ==> Found
BA010217 ==> Found
BA010218 ==> Found
BA010219 ==> Found
BA010220 ==> Found
BA010221 ==> Found
BA010222 ==> Found
BA010223 ==> Found
BA010224 ==> Found
BA010225 ==> Found
BA010226 ==> Found
BA010227 ==> Found
BA010228 ==> Found
BA010229 ==> Found
BA010230 ==> Found
BA010231 ==> Found
BA010232 ==> Found
BA010233 ==> Found
BA010234 ==> Found
BA010235 ==> Found
BA010236 ==> Found
BA010237 ==> Found
BA010238 ==> Found
BA010239 ==> Found
BA010240 ==> Found
BA010241 ==> Found
BA010242 ==> Found
BA010243 ==> Found
BA010244 ==> Found
BA010245 ==> Found
BA010246 ==> Found
BA010247 ==> Found
BA010248 ==> Found
BA010249 ==> Found
BA010250 ==> Found
BA010251 ==> Found
BA010252 ==> Found
BA010253 ==> Found
BA010254 ==> Found
BA010255 ==> Found
BA010256 ==> Found
BA010257 ==> Found
BA010258 ==> Found
BA010259 ==> Found
BA010260 ==> Found
BA010261 ==> Found
BA010262 ==> Found
BA010263 ==> Found
BA010264 ==> Found
BA010265 ==> Found
BA010266 ==> Found
BA010267 ==> Found
BA010268 ==> Found
BA010269 ==> Found
BA010270 ==> Found
BA010271 ==> Found
BA010272 ==> Found
BA010273 ==> Found
BA010274 ==> Found
BA010275 ==> Found
BA010276 ==> Found
BA010277 ==> Found
BA010278 ==> Found
BA010279 ==> Found
BA010280 ==> Found
BA010281 ==> Found
BA010282 ==> Found
BA010283 ==> Found
BA010284 ==> Found
BA010285 ==> Found
BA010286 ==> Found
BA010287 ==> Found
BA010288 ==> Found
BA010289 ==> Found
BA010290 ==> Found
BA010291 ==> Found
BA010292 ==> Found
BA010293 ==> Found
BA010294 ==> Found
BA010295 ==> Found
BA010296 ==> Found
BA010297 ==> Found
BA010298 ==> Found
BA010299 ==> Found
BA010300 ==> Found
BA010301 ==> Found
BA010302 ==> Found
BA010303 ==> Found
BA010304 ==> Found
BA010305 ==> Found
BA010306 ==> Found
BA010307 ==> Found
BA010308 ==> Found
BA010309 ==> Found
BA010310 ==> Found
BA010311 ==> Found
BA010312 ==> Found
BA010313 ==> Found
BA010314 ==> Found
BA010315 ==> Found
BA010316 ==> Found
BA010317 ==> Found
BA010318 ==> Found
BA010319 ==> Found
BA010320 ==> Found
BA010321 ==> Found
BA010322 ==> Found
BA010323 ==> Found
BA010324 ==> Found
BA010325 ==> Found
BA010326 ==> Found
BA010327 ==> Found
BA010328 ==> Found
BA010329 ==> Found
BA010330 ==> Found
BA010331 ==> Found
BA010332 ==> Found
BA010333 ==> Found
BA010334 ==> Found
BA010335 ==> Found
BA010336 ==> Found
BA010337 ==> Found
BA010338 ==> Found
BA010339 ==> Found
BA010340 ==> Found
BA010341 ==> Found
BA010342 ==> Found
BA010343 ==> Found
BA010344 ==> Found
BA010345 ==> Found
BA010346 ==> Found
BA010347 ==> Found
BA010348 ==> Found
BA010349 ==> Found
BA010350 ==> Found
BA010351 ==> Found
BA010352 ==> Found
BA010353 ==> Found
BA010354 ==> Found
BA010355 ==> Found
BA010356 ==> Found
BA010357 ==> Found
BA010358 ==> Found
BA010359 ==> Found
BA010360 ==> Found
BA010361 ==> Found
BA010362 ==> Found
BA010363 ==> Found
BA010364 ==> Found
BA010365 ==> Found
BA010366 ==> Found
BA010367 ==> Found
BA010368 ==> Found
BA010369 ==> Found
BA010370 ==> Found
BA010371 ==> Found
BA010372 ==> Found
BA010373 ==> Found
BA010374 ==> Found
BA010375 ==> Found
BA010376 ==> Found
BA010377 ==> Found
BA010378 ==> Found
BA010379 ==> Found
BA010380 ==> Found
BA010381 ==> Found
BA010382 ==> Found
BA010383 ==> Found
BA010384 ==> Found
BA010385 ==> Found
BA010386 ==> Found
BA010388 ==> Found
BA010389 ==> Found
BA010390 ==> Found
BA010391 ==> Found
BA010392 ==> Found
BA010393 ==> Found
BA010394 ==> Found
BA010395 ==> Found
BA010396 ==> Found
BA010397 ==> Found
BA010399 ==> Found
BA010400 ==> Found
BA010401 ==> Found
BA010402 ==> Found
BA010405 ==> Found
BA020001 ==> Found
BA020002 ==> Found
BA020003 ==> Found
BA020004 ==> Found
BA020005 ==> Found
BA020006 ==> Found
BA020007 ==> Found
BA020008 ==> Found
BA020009 ==> Found
BA020010 ==> Found
BA020011 ==> Found
BA020011B ==> Found
BA020011C ==> Found
BA020011D ==> Found
BA020011E ==> Found
BA020011F ==> Found
BA020012 ==> Found
BA020013 ==> Found
BA020014 ==> Found
BA020015 ==> Found
BA020016 ==> Found
BA020017 ==> Found
BA020018 ==> Found
BA020019 ==> Found
BA020020 ==> Found
BA020021 ==> Found
BA020022 ==> Found
BA020023 ==> Found
BA020024 ==> Found
BA020025 ==> Found
BA020026 ==> Found
BA020027 ==> Found
BA020028 ==> Found
BA020029 ==> Found
BA020030 ==> Found
BA020031 ==> Found
BA020032 ==> Found
BA020033 ==> Found
BA020034 ==> Found
BA020035 ==> Found
BA020036 ==> Found
BA020037 ==> Found
BA020038 ==> Found
BA020039 ==> Found
BA020040 ==> Found
BA020041 ==> Found
BA020042 ==> Found
BA020043 ==> Found
BA020044 ==> Found
BA020045 ==> Found
BA020046 ==> Found
BA020047 ==> Found
BA020048 ==> Found
BA020049 ==> Found
BA020050 ==> Found
BA020050B ==> Found
BA020050C ==> Found
BA020050D ==> Found
BA020050E ==> Found
BA020050F ==> Found
BA020051 ==> Found
BA020052 ==> Found
BA020053 ==> Found
BA020054 ==> Found
BA020055 ==> Found
BA020056 ==> Found
BA020057 ==> Found
BA020058 ==> Found
BA020059 ==> Found
BA020060 ==> Found
BA020061 ==> Found
BA020062 ==> Found
BA020063 ==> Found
BA020064 ==> Found
BA020065 ==> Found
BA020066 ==> Found
BA020067 ==> Found
BA020068 ==> Found
BA020069 ==> Found
BA020070 ==> Found
BA020071 ==> Found
BA020072 ==> Found
BA020073 ==> Found
BA020074 ==> Found
BA020075 ==> Found
BA020076 ==> Found
BA020077 ==> Found
BA020078 ==> Found
BA030001 ==> Found
BA030002 ==> Found
BA030003 ==> Found
BA030004 ==> Found
BA030005 ==> Found
BA030006 ==> Found
BA030007 ==> Found
BA030008 ==> Found
BA030009 ==> Found
BA030010 ==> Found
BA030011 ==> Found
BA030012 ==> Found
BA030013 ==> Found
BA030014 ==> Found
BA030015 ==> Found
BA030016 ==> Found
BA030017 ==> Found
BA030018 ==> Found
BA030019 ==> Found
BA030020 ==> Found
BA030021 ==> Found
BA030022 ==> Found
BA030023 ==> Found
BA030024 ==> Found
BA030025 ==> Found
BA030026 ==> Found
BA030027 ==> Found
BA030028 ==> Found
BA030029 ==> Found
BA030030 ==> Found
BA030031 ==> Found
BA030032 ==> Found
BA030033 ==> Found
BA030034 ==> Found
BA030035 ==> Found
BA030036 ==> Found
BA030037 ==> Found
BA030038 ==> Found
BA030039 ==> Found
BA030040 ==> Found
BA030041 ==> Found
BA030042 ==> Found
BA030043 ==> Found
BA030044 ==> Found
BA030045 ==> Found
BA030046 ==> Found
BA030047 ==> Found
BA030048 ==> Found
BA030049 ==> Found
BA030050 ==> Found
BA030051 ==> Found
BA030052 ==> Found
BA030053 ==> Found
BA030054 ==> Found
BA030055 ==> Found
BA030056 ==> Found
BA030057 ==> Found
BA030058 ==> Found
BA030059 ==> Found
BA030060 ==> Found
BA030061 ==> Found
BA030062 ==> Found
BA030063 ==> Found
BA030064 ==> Found
BA030065 ==> Found
BA030066 ==> Found
BA030067 ==> Found
BA030068 ==> Found
BA030069 ==> Found
BA030070 ==> Found
BA030071 ==> Found
BA030072 ==> Found
BA030073 ==> Found
BA030074 ==> Found
BA030075 ==> Found
BA030076 ==> Found
BA030077 ==> Found
BA030078 ==> Found
BA030079 ==> Found
BA030080 ==> Found
BA030081 ==> Found
BA030082 ==> Found
BA030083 ==> Found
BA030084 ==> Found
BA030085 ==> Found
BA030086 ==> Found
BA030087 ==> Found
BA030088 ==> Found
BA030089 ==> Found
BA030090 ==> Found
BA030091 ==> Found
BA030092 ==> Found
BA030093 ==> Found
BA030094 ==> Found
BC050001 ==> Found
BC050002 ==> Found
BC050003 ==> Found
BC050004 ==> Found
BC050005 ==> Found
BC050006 ==> Found
BC050007 ==> Found
BC050008 ==> Found
BC050009 ==> Found
BC050010 ==> Found
BC050011 ==> Found
BC050012 ==> Found
BC050013 ==> Found
BC050014 ==> Found
BC050015 ==> Found
BC050016 ==> Found
BC050017 ==> Found
BC050018 ==> Found
BC050019 ==> Found
BC050020 ==> Found
BC050021 ==> Found
BC050022 ==> Found
BC050023 ==> Found
BC050024 ==> Found
BC050025 ==> Found
BC050026 ==> Found
BC050027 ==> Found
BC050028 ==> Found
BC050029 ==> Found
BC050030 ==> Found
BC050031 ==> Found
BC050032 ==> Found
BC050033 ==> Found
BC050034 ==> Found
BC050035 ==> Found
BC050036 ==> Found
BC050037 ==> Found
BC050038 ==> Found
BC050039 ==> Found
BC050040 ==> Found
BC050041 ==> Found
BC050042 ==> Found
BC050043 ==> Found
BC050044 ==> Found
BC050045 ==> Found
BC050046 ==> Found
BC050047 ==> Found
BC050048 ==> Found
BC050049 ==> Found
BC050050 ==> Found
BC050051 ==> Found
BC050052 ==> Found
BC050053 ==> Found
BC050054 ==> Found
BC050055 ==> Found
BC050056 ==> Found
BC050057 ==> Found
BC050058 ==> Found
BC050059 ==> Found
BC050060 ==> Found
BC050061 ==> Found
BC050062 ==> Found
BC050063 ==> Found
BC050064 ==> Found
BC050065 ==> Found
BC050066 ==> Found
BC050067 ==> Found
BC050068 ==> Found
BC050069 ==> Found
BC050070 ==> Found
BC050071 ==> Found
BC050072 ==> Found
BC050073 ==> Found
BC050074 ==> Found
BC050075 ==> Found
BC050076 ==> Found
BC050077 ==> Found
BC050078 ==> Found
BC050079 ==> Found
BC050080 ==> Found
BC050083 ==> Found
BC050084 ==> Found
BE010001 ==> Found
BE010002 ==> Found
BE010003 ==> Found
BE010004 ==> Found
BE010005 ==> Found
BE010006 ==> Found
BE010007 ==> Found
BE010008 ==> Found
BE010009 ==> Found
BE010010 ==> Found
BE010011 ==> Found
BE010012 ==> Found
BE010013 ==> Found
BE010014 ==> Found
BE010015 ==> Found
BE010016 ==> Found
BE010017 ==> Found
BE010018 ==> Found
BE010019 ==> Found
BE010020 ==> Found
BE010021 ==> Found
BE010022 ==> Found
BE010023 ==> Found
BE010024 ==> Found
BE010025 ==> Found
BE010026 ==> Found
BE010027 ==> Found
BE010028 ==> Found
BE010029 ==> Found
BE010030 ==> Found
BE010031 ==> Found
BE010032 ==> Found
BE010033 ==> Found
BE010034 ==> Found
BE010035 ==> Found
BE010036 ==> Found
BE010037 ==> Found
BE010038 ==> Found
BE010039 ==> Found
BE010040 ==> Found
BE010041 ==> Found
BE010042 ==> Found
BE010043 ==> Found
BE010044 ==> Found
BE010045 ==> Found
BE010046 ==> Found
BE010047 ==> Found
BE010048 ==> Found
BE010049 ==> Found
BE010050 ==> Found
BE010051 ==> Found
BE010052 ==> Found
BE010053 ==> Found
BE010054 ==> Found
BE010055 ==> Found
BE010056 ==> Found
BE010057 ==> Found
BE010058 ==> Found
BE010059 ==> Found
BE010060 ==> Found
BE010061 ==> Found
BE010062 ==> Found
BE010063 ==> Found
BE010064 ==> Found
BE010065 ==> Found
BE010066 ==> Found
BE010067 ==> Found
BE010068 ==> Found
